
> stockflow-production@0.1.0 build
> cross-env NODE_OPTIONS=--max-old-space-size=16384 TURBOPACK=false prisma generate --schema=./prisma/schema.prisma && next build

Loaded Prisma config from prisma.config.ts.

Prisma schema loaded from prisma\schema.prisma.
warn Preview feature "multiSchema" is deprecated. The functionality can be used without specifying it as a preview feature.

Γ£ö Generated Prisma Client (v7.8.0) to .\node_modules\.pnpm\@prisma+client@7.8.0_prisma_56de0e0ff1513c5868510324fbbffcfc\node_modules\@prisma\client in 2.90s

Start by importing your Prisma Client (See: https://pris.ly/d/importing-client)


ΓÜá Warning: Next.js inferred your workspace root, but it may not be correct.
 We detected multiple lockfiles and selected the directory of C:\Users\sebby\Desktop\StockFlow\package-lock.json as the root directory.
 To silence this warning, set `turbopack.root` in your Next.js config, or consider removing one of the lockfiles if it's not needed.
   See https://nextjs.org/docs/app/api-reference/config/next-config-js/turbopack#root-directory for more information.
 Detected additional lockfiles: 
   * C:\Users\sebby\Desktop\StockFlow\stockflow\pnpm-lock.yaml

Γû▓ Next.js 16.2.3 (Turbopack)
- Environments: .env
- Experiments (use with caution):
  ┬╖ serverActions

ΓÜá The "middleware" file convention is deprecated. Please use "proxy" instead. Learn more: https://nextjs.org/docs/messages/middleware-to-proxy
  Creating an optimized production build ...
memory allocation of 1458192 bytes failed
note: run with `RUST_BACKTRACE=1` environment variable to display a backtrace
